<?xml version="1.0" encoding="UTF-8"?>
<!-- Generated by org.testng.reporters.JUnitReportReporter -->
<testsuite skipped="0" hostname="DESKTOP-1EM0O7U" name="AutomationTest.BrightTalkTest.RunnerTest" tests="2" failures="0" timestamp="2019-12-16T20:08:52 IST" time="15.860" errors="0">
  <testcase name="feature" time="6.115" classname="AutomationTest.BrightTalkTest.RunnerTest"/>
  <testcase name="feature" time="9.745" classname="AutomationTest.BrightTalkTest.RunnerTest"/>
</testsuite> <!-- AutomationTest.BrightTalkTest.RunnerTest -->
